-------------------------------------------------------------------------------
Test set: com.ipm.admin.reply.ipmadminreply.IpmAdminReplyApplicationTests
-------------------------------------------------------------------------------
Tests run: 1, Failures: 0, Errors: 1, Skipped: 0, Time elapsed: 7.845 s <<< FAILURE! - in com.ipm.admin.reply.ipmadminreply.IpmAdminReplyApplicationTests
contextLoads  Time elapsed: 0.023 s  <<< ERROR!
java.lang.IllegalStateException: Failed to load ApplicationContext
Caused by: org.springframework.beans.factory.UnsatisfiedDependencyException: Error creating bean with name 'adminReplyController' defined in file [C:\Users\sripa\Documents\dummy applications\ipm-admin-reply\target\classes\com\ipm\admin\reply\controller\AdminReplyController.class]: Unsatisfied dependency expressed through constructor parameter 0; nested exception is org.springframework.beans.factory.UnsatisfiedDependencyException: Error creating bean with name 'adminReplyServiceImpl' defined in file [C:\Users\sripa\Documents\dummy applications\ipm-admin-reply\target\classes\com\ipm\admin\reply\services\AdminReplyServiceImpl.class]: Unsatisfied dependency expressed through constructor parameter 0; nested exception is org.springframework.beans.factory.BeanCreationException: Error creating bean with name 'adminReplyRepository' defined in com.ipm.admin.reply.repository.AdminReplyRepository defined in @EnableJpaRepositories declared on JpaRepositoriesRegistrar.EnableJpaRepositoriesConfiguration: Invocation of init method failed; nested exception is org.springframework.data.repository.query.QueryCreationException: Could not create query for public abstract java.util.Optional com.ipm.admin.reply.repository.AdminReplyRepository.findByQid(java.lang.Long); Reason: Failed to create query for method public abstract java.util.Optional com.ipm.admin.reply.repository.AdminReplyRepository.findByQid(java.lang.Long)! No property 'qid' found for type 'AdminReply'; nested exception is java.lang.IllegalArgumentException: Failed to create query for method public abstract java.util.Optional com.ipm.admin.reply.repository.AdminReplyRepository.findByQid(java.lang.Long)! No property 'qid' found for type 'AdminReply'
Caused by: org.springframework.beans.factory.UnsatisfiedDependencyException: Error creating bean with name 'adminReplyServiceImpl' defined in file [C:\Users\sripa\Documents\dummy applications\ipm-admin-reply\target\classes\com\ipm\admin\reply\services\AdminReplyServiceImpl.class]: Unsatisfied dependency expressed through constructor parameter 0; nested exception is org.springframework.beans.factory.BeanCreationException: Error creating bean with name 'adminReplyRepository' defined in com.ipm.admin.reply.repository.AdminReplyRepository defined in @EnableJpaRepositories declared on JpaRepositoriesRegistrar.EnableJpaRepositoriesConfiguration: Invocation of init method failed; nested exception is org.springframework.data.repository.query.QueryCreationException: Could not create query for public abstract java.util.Optional com.ipm.admin.reply.repository.AdminReplyRepository.findByQid(java.lang.Long); Reason: Failed to create query for method public abstract java.util.Optional com.ipm.admin.reply.repository.AdminReplyRepository.findByQid(java.lang.Long)! No property 'qid' found for type 'AdminReply'; nested exception is java.lang.IllegalArgumentException: Failed to create query for method public abstract java.util.Optional com.ipm.admin.reply.repository.AdminReplyRepository.findByQid(java.lang.Long)! No property 'qid' found for type 'AdminReply'
Caused by: org.springframework.beans.factory.BeanCreationException: Error creating bean with name 'adminReplyRepository' defined in com.ipm.admin.reply.repository.AdminReplyRepository defined in @EnableJpaRepositories declared on JpaRepositoriesRegistrar.EnableJpaRepositoriesConfiguration: Invocation of init method failed; nested exception is org.springframework.data.repository.query.QueryCreationException: Could not create query for public abstract java.util.Optional com.ipm.admin.reply.repository.AdminReplyRepository.findByQid(java.lang.Long); Reason: Failed to create query for method public abstract java.util.Optional com.ipm.admin.reply.repository.AdminReplyRepository.findByQid(java.lang.Long)! No property 'qid' found for type 'AdminReply'; nested exception is java.lang.IllegalArgumentException: Failed to create query for method public abstract java.util.Optional com.ipm.admin.reply.repository.AdminReplyRepository.findByQid(java.lang.Long)! No property 'qid' found for type 'AdminReply'
Caused by: org.springframework.data.repository.query.QueryCreationException: Could not create query for public abstract java.util.Optional com.ipm.admin.reply.repository.AdminReplyRepository.findByQid(java.lang.Long); Reason: Failed to create query for method public abstract java.util.Optional com.ipm.admin.reply.repository.AdminReplyRepository.findByQid(java.lang.Long)! No property 'qid' found for type 'AdminReply'; nested exception is java.lang.IllegalArgumentException: Failed to create query for method public abstract java.util.Optional com.ipm.admin.reply.repository.AdminReplyRepository.findByQid(java.lang.Long)! No property 'qid' found for type 'AdminReply'
Caused by: java.lang.IllegalArgumentException: Failed to create query for method public abstract java.util.Optional com.ipm.admin.reply.repository.AdminReplyRepository.findByQid(java.lang.Long)! No property 'qid' found for type 'AdminReply'
Caused by: org.springframework.data.mapping.PropertyReferenceException: No property 'qid' found for type 'AdminReply'

